{"sessionId": "9770da", "runId": "baseline", "hypothesisId": "H6", "location": "train.py:31", "message": "Python environment", "data": {"python": "3.13.5", "exe": "C:\\ProgramData\\anaconda3\\python.exe", "cwd": "C:\\Users\\MAINAK\\OneDrive\\Desktop\\pgdba projects\\Driver_drowsiness_detection", "platform": "Windows-11-10.0.26200-SP0"}, "timestamp": 1775581461065}
{"sessionId": "9770da", "runId": "baseline", "hypothesisId": "H6", "location": "train.py:43", "message": "Torch import succeeded", "data": {"torch_version": "2.11.0+cpu"}, "timestamp": 1775581467158}
{"sessionId": "9770da", "runId": "baseline", "hypothesisId": "H1", "location": "train.py:81", "message": "Train entered", "data": {"train_dir": "train", "device": "cpu"}, "timestamp": 1775581467210}
{"sessionId": "9770da", "runId": "baseline", "hypothesisId": "H3", "location": "train.py:48", "message": "Dataset indexed", "data": {"samples": 4000, "root": "train"}, "timestamp": 1775581467250}
{"sessionId": "9770da", "runId": "baseline", "hypothesisId": "H4", "location": "train.py:89", "message": "Split sizes computed", "data": {"n_train": 3400, "n_val": 600}, "timestamp": 1775581467251}
{"sessionId": "9770da", "runId": "baseline", "hypothesisId": "H2", "location": "model.py:30", "message": "Model init entered", "data": {"img_size": 64}, "timestamp": 1775581467253}
{"sessionId": "9770da", "runId": "baseline", "hypothesisId": "H6", "location": "train.py:31", "message": "Python environment", "data": {"python": "3.13.5", "exe": "C:\\ProgramData\\anaconda3\\python.exe", "cwd": "C:\\Users\\MAINAK\\OneDrive\\Desktop\\pgdba projects\\Driver_drowsiness_detection", "platform": "Windows-11-10.0.26200-SP0"}, "timestamp": 1775581540911}
{"sessionId": "9770da", "runId": "baseline", "hypothesisId": "H6", "location": "train.py:43", "message": "Torch import succeeded", "data": {"torch_version": "2.11.0+cpu"}, "timestamp": 1775581548277}
{"sessionId": "9770da", "runId": "baseline", "hypothesisId": "H1", "location": "train.py:81", "message": "Train entered", "data": {"train_dir": "train", "device": "cpu"}, "timestamp": 1775581548283}
{"sessionId": "9770da", "runId": "baseline", "hypothesisId": "H3", "location": "train.py:48", "message": "Dataset indexed", "data": {"samples": 4000, "root": "train"}, "timestamp": 1775581548356}
{"sessionId": "9770da", "runId": "baseline", "hypothesisId": "H4", "location": "train.py:89", "message": "Split sizes computed", "data": {"n_train": 3400, "n_val": 600}, "timestamp": 1775581548357}
{"sessionId": "9770da", "runId": "baseline", "hypothesisId": "H2", "location": "model.py:30", "message": "Model init entered", "data": {"img_size": 64}, "timestamp": 1775581548359}
{"sessionId": "9770da", "runId": "baseline", "hypothesisId": "H6", "location": "train.py:31", "message": "Python environment", "data": {"python": "3.13.5", "exe": "C:\\ProgramData\\anaconda3\\python.exe", "cwd": "C:\\Users\\MAINAK\\OneDrive\\Desktop\\pgdba projects\\Driver_drowsiness_detection", "platform": "Windows-11-10.0.26200-SP0"}, "timestamp": 1775581566855}
{"sessionId": "9770da", "runId": "baseline", "hypothesisId": "H6", "location": "train.py:43", "message": "Torch import succeeded", "data": {"torch_version": "2.11.0+cpu"}, "timestamp": 1775581573786}
{"sessionId": "9770da", "runId": "baseline", "hypothesisId": "H1", "location": "train.py:81", "message": "Train entered", "data": {"train_dir": "train", "device": "cpu"}, "timestamp": 1775581573795}
{"sessionId": "9770da", "runId": "baseline", "hypothesisId": "H3", "location": "train.py:48", "message": "Dataset indexed", "data": {"samples": 4000, "root": "train"}, "timestamp": 1775581573855}
{"sessionId": "9770da", "runId": "baseline", "hypothesisId": "H4", "location": "train.py:89", "message": "Split sizes computed", "data": {"n_train": 3400, "n_val": 600}, "timestamp": 1775581573855}
{"sessionId": "9770da", "runId": "baseline", "hypothesisId": "H2", "location": "model.py:30", "message": "Model init entered", "data": {"img_size": 64}, "timestamp": 1775581573857}
{"sessionId": "9770da", "runId": "baseline", "hypothesisId": "H5", "location": "train.py:145", "message": "Training completed", "data": {"best_acc": 0.995, "model_path": "drowsiness_model.pth"}, "timestamp": 1775581883390}
{"sessionId": "9770da", "runId": "baseline", "hypothesisId": "H5", "location": "train.py:145", "message": "Training completed", "data": {"best_acc": 0.995, "model_path": "drowsiness_model.pth"}, "timestamp": 1775581945616}
